[2025-02-01T18:14:02.779613+00:00] document_processor.INFO: Обработка файла: ./tests/fixtures/test.fb2 [] []
[2025-02-02T10:02:54.416994+00:00] document_processor.INFO: Обработка файла: ./tests/fixtures/test.fb2 [] []
[2025-02-02T10:06:42.626674+00:00] document_processor.INFO: Обработка файла: ./tests/fixtures/test.fb2 [] []
[2025-02-02T10:32:50.009955+00:00] document_processor.INFO: Обработка файла: ./tests/fixtures/test.fb2 [] []
[2025-02-02T10:41:54.612382+00:00] document_processor.INFO: Обработка файла: ./tests/fixtures/test.fb2 [] []
[2025-02-02T10:53:13.281064+00:00] document_processor.INFO: Обработка файла: ./tests/fixtures/test.fb2 [] []
[2025-02-02T10:55:25.393190+00:00] document_processor.INFO: Обработка файла: ./tests/fixtures/test.fb2 [] []
[2025-02-02T10:56:24.908281+00:00] document_processor.INFO: Обработка файла: ./tests/fixtures/test.fb2 [] []
[2025-02-02T11:11:13.053952+00:00] document_processor.INFO: Обработка файла: ./tests/fixtures/test.fb2 [] []
[2025-02-02T11:12:49.511180+00:00] document_processor.INFO: Обработка файла: ./tests/fixtures/test.fb2 [] []
[2025-02-02T13:20:26.375665+00:00] document_processor.INFO: Обработка файла: ./tests/fixtures/test.fb2 [] []
[2025-02-02T13:21:27.970714+00:00] document_processor.INFO: Обработка файла: ./tests/fixtures/test.fb2 [] []
[2025-02-02T13:22:48.876761+00:00] document_processor.INFO: Обработка файла: ./tests/fixtures/test.fb2 [] []
[2025-02-02T13:23:54.481346+00:00] document_processor.INFO: Обработка файла: ./tests/fixtures/test.fb2 [] []
[2025-02-02T13:29:43.644896+00:00] document_processor.INFO: Обработка файла: ./tests/fixtures/test.fb2 [] []
[2025-02-02T13:30:38.003938+00:00] document_processor.INFO: Обработка файла: ./tests/fixtures/test.fb2 [] []
[2025-02-02T13:31:12.072315+00:00] document_processor.INFO: Обработка файла: ./tests/fixtures/test.fb2 [] []
[2025-02-02T13:31:35.863296+00:00] document_processor.INFO: Обработка файла: ./tests/fixtures/test.fb2 [] []
[2025-02-02T13:31:54.144819+00:00] document_processor.INFO: Обработка файла: ./tests/fixtures/test.fb2 [] []
[2025-02-02T13:32:38.067823+00:00] document_processor.INFO: Обработка файла: ./tests/fixtures/test.fb2 [] []
[2025-02-02T13:32:54.699007+00:00] document_processor.INFO: Обработка файла: ./tests/fixtures/test.fb2 [] []
[2025-02-02T13:32:54.842945+00:00] document_processor.INFO: Обработка файла: ./tests/fixtures/test.pdf [] []
[2025-02-02T13:32:57.547170+00:00] document_processor.INFO: Найдено документов: 2 [] []
[2025-02-02T13:47:29.300380+00:00] document_processor.INFO: Обработка файла: ./tests/fixtures/test.fb2 [] []
[2025-02-02T13:47:29.606632+00:00] document_processor.INFO: Обработка файла: ./tests/fixtures/test.pdf [] []
[2025-02-02T13:47:30.554437+00:00] document_processor.INFO: Найдено документов: 2 [] []
[2025-02-03T17:59:51.255422+00:00] document_processor.INFO: Обработка файла: ./tests/fixtures/test.fb2 [] []
[2025-02-03T17:59:52.469769+00:00] document_processor.INFO: Обработка файла: ./tests/fixtures/test.pdf [] []
[2025-02-03T17:59:56.815374+00:00] document_processor.INFO: Найдено документов: 2 [] []
[2025-02-03T18:01:39.228804+00:00] document_processor.INFO: Обработка файла: ./tests/fixtures/Vsyo_o_krolikakh.fb2 [] []
[2025-02-03T18:01:39.369753+00:00] document_processor.INFO: Обработка файла: ./tests/fixtures/test.fb2 [] []
[2025-02-03T18:01:39.478908+00:00] document_processor.INFO: Обработка файла: ./tests/fixtures/G_Anderson_Kaktusy_v_nashem_dome.pdf [] []
[2025-02-03T18:01:40.464774+00:00] document_processor.INFO: Обработка файла: ./tests/fixtures/test.pdf [] []
[2025-02-03T18:01:41.368418+00:00] document_processor.INFO: Обработка файла: ./tests/fixtures/G_Gryoner_Kaktusy.djvu [] []
[2025-02-03T18:01:41.536411+00:00] document_processor.INFO: Найдено документов: 5 [] []
[2025-02-03T19:50:15.097961+00:00] document_processor.INFO: Документ с хешем f6d8b3859730e1d0a4590848b9a6d99401102e766fd7327ecd682f9a72387115 уже существует в базе данных. [] []
[2025-02-03T19:50:15.122531+00:00] document_processor.INFO: Документ с хешем 53f4a16d0b3331a40d76811f3af20d4dbe4819b2f623da359a9c67b5e68e1014 уже существует в базе данных. [] []
[2025-02-03T19:50:15.141132+00:00] document_processor.INFO: Документ с хешем 6b9b1056e46fa753abd1c2f4b69f3150e1e72fe99b12587fad48383df3435d9b уже существует в базе данных. [] []
[2025-02-03T19:50:15.157392+00:00] document_processor.INFO: Документ с хешем f6edcd8a1b4f7cb85486d0c6777f9174eadbc4d1d0d9e5aeba7132f30b34bc3e уже существует в базе данных. [] []
[2025-02-03T19:50:15.306084+00:00] document_processor.INFO: Документ с хешем 67da4a99f1d75c882be3ea0893e3d12834d42325a75cdc30f2d9282d1ce3b3bb уже существует в базе данных. [] []
[2025-02-03T19:50:29.726202+00:00] document_processor.INFO: Документ с хешем f6d8b3859730e1d0a4590848b9a6d99401102e766fd7327ecd682f9a72387115 уже существует в базе данных. [] []
[2025-02-03T19:50:29.726911+00:00] document_processor.INFO: Документ с хешем 53f4a16d0b3331a40d76811f3af20d4dbe4819b2f623da359a9c67b5e68e1014 уже существует в базе данных. [] []
[2025-02-03T19:50:29.729906+00:00] document_processor.INFO: Документ с хешем 6b9b1056e46fa753abd1c2f4b69f3150e1e72fe99b12587fad48383df3435d9b уже существует в базе данных. [] []
[2025-02-03T19:50:29.730472+00:00] document_processor.INFO: Документ с хешем f6edcd8a1b4f7cb85486d0c6777f9174eadbc4d1d0d9e5aeba7132f30b34bc3e уже существует в базе данных. [] []
[2025-02-03T19:50:29.773585+00:00] document_processor.INFO: Документ с хешем 67da4a99f1d75c882be3ea0893e3d12834d42325a75cdc30f2d9282d1ce3b3bb уже существует в базе данных. [] []
[2025-02-03T19:51:31.919155+00:00] document_processor.INFO: Документ успешно сохранён: ./Tests/fixtures/Vsyo_o_krolikakh.fb2 [] []
[2025-02-03T19:51:32.395534+00:00] document_processor.INFO: Документ успешно сохранён: ./Tests/fixtures/test.fb2 [] []
[2025-02-03T19:51:34.886683+00:00] document_processor.INFO: Документ успешно сохранён: ./Tests/fixtures/G_Anderson_Kaktusy_v_nashem_dome.pdf [] []
[2025-02-03T19:51:35.869833+00:00] document_processor.INFO: Документ успешно сохранён: ./Tests/fixtures/test.pdf [] []
[2025-02-03T19:51:36.212062+00:00] document_processor.INFO: Документ успешно сохранён: ./Tests/fixtures/G_Gryoner_Kaktusy.djvu [] []
[2025-02-03T19:52:11.190926+00:00] document_processor.INFO: Документ с хешем f6d8b3859730e1d0a4590848b9a6d99401102e766fd7327ecd682f9a72387115 уже существует в базе данных. [] []
[2025-02-03T19:52:11.191982+00:00] document_processor.INFO: Документ с хешем 53f4a16d0b3331a40d76811f3af20d4dbe4819b2f623da359a9c67b5e68e1014 уже существует в базе данных. [] []
[2025-02-03T19:52:11.195021+00:00] document_processor.INFO: Документ с хешем 6b9b1056e46fa753abd1c2f4b69f3150e1e72fe99b12587fad48383df3435d9b уже существует в базе данных. [] []
[2025-02-03T19:52:11.195655+00:00] document_processor.INFO: Документ с хешем f6edcd8a1b4f7cb85486d0c6777f9174eadbc4d1d0d9e5aeba7132f30b34bc3e уже существует в базе данных. [] []
[2025-02-03T19:52:11.238746+00:00] document_processor.INFO: Документ с хешем 67da4a99f1d75c882be3ea0893e3d12834d42325a75cdc30f2d9282d1ce3b3bb уже существует в базе данных. [] []
