[2025-02-03T19:54:43.395733+00:00] document_processor.INFO: Документ с хешем f6d8b3859730e1d0a4590848b9a6d99401102e766fd7327ecd682f9a72387115 уже существует в базе данных. [] []
[2025-02-03T19:54:43.396483+00:00] document_processor.INFO: Документ с хешем 53f4a16d0b3331a40d76811f3af20d4dbe4819b2f623da359a9c67b5e68e1014 уже существует в базе данных. [] []
[2025-02-03T19:54:43.400462+00:00] document_processor.INFO: Документ с хешем 6b9b1056e46fa753abd1c2f4b69f3150e1e72fe99b12587fad48383df3435d9b уже существует в базе данных. [] []
[2025-02-03T19:54:43.401161+00:00] document_processor.INFO: Документ с хешем f6edcd8a1b4f7cb85486d0c6777f9174eadbc4d1d0d9e5aeba7132f30b34bc3e уже существует в базе данных. [] []
[2025-02-03T19:54:43.446644+00:00] document_processor.INFO: Документ с хешем 67da4a99f1d75c882be3ea0893e3d12834d42325a75cdc30f2d9282d1ce3b3bb уже существует в базе данных. [] []
[2025-02-03T20:20:25.684218+00:00] document_processor.INFO: Документ успешно сохранён: ./Tests/fixtures/Vsyo_o_krolikakh.fb2 [] []
[2025-02-03T20:20:25.818415+00:00] document_processor.INFO: Документ успешно сохранён: ./Tests/fixtures/test.fb2 [] []
[2025-02-03T20:20:26.869581+00:00] document_processor.INFO: Документ успешно сохранён: ./Tests/fixtures/G_Anderson_Kaktusy_v_nashem_dome.pdf [] []
[2025-02-03T20:20:27.839222+00:00] document_processor.INFO: Документ успешно сохранён: ./Tests/fixtures/test.pdf [] []
[2025-02-03T20:20:28.064663+00:00] document_processor.INFO: Документ успешно сохранён: ./Tests/fixtures/G_Gryoner_Kaktusy.djvu [] []
[2025-02-03T20:37:58.875593+00:00] document_processor.INFO: Документ успешно сохранён: ./Tests/fixtures/Vsyo_o_krolikakh.fb2 [] []
[2025-02-03T20:37:59.077835+00:00] document_processor.INFO: Документ успешно сохранён: ./Tests/fixtures/test.fb2 [] []
[2025-02-03T20:38:00.035438+00:00] document_processor.INFO: Документ успешно сохранён: ./Tests/fixtures/G_Anderson_Kaktusy_v_nashem_dome.pdf [] []
[2025-02-03T20:38:00.269393+00:00] document_processor.INFO: Документ успешно сохранён: ./Tests/fixtures/test.pdf [] []
[2025-02-03T20:38:00.563271+00:00] document_processor.INFO: Документ успешно сохранён: ./Tests/fixtures/G_Gryoner_Kaktusy.djvu [] []
[2025-02-03T20:48:29.773823+00:00] document_processor.INFO: Документ с хешем f6d8b3859730e1d0a4590848b9a6d99401102e766fd7327ecd682f9a72387115 уже существует в базе данных. [] []
[2025-02-03T20:48:29.774492+00:00] document_processor.INFO: Документ с хешем 53f4a16d0b3331a40d76811f3af20d4dbe4819b2f623da359a9c67b5e68e1014 уже существует в базе данных. [] []
[2025-02-03T20:48:29.777859+00:00] document_processor.INFO: Документ с хешем 6b9b1056e46fa753abd1c2f4b69f3150e1e72fe99b12587fad48383df3435d9b уже существует в базе данных. [] []
[2025-02-03T20:48:29.778845+00:00] document_processor.INFO: Документ с хешем f6edcd8a1b4f7cb85486d0c6777f9174eadbc4d1d0d9e5aeba7132f30b34bc3e уже существует в базе данных. [] []
[2025-02-03T20:48:29.823967+00:00] document_processor.INFO: Документ с хешем 67da4a99f1d75c882be3ea0893e3d12834d42325a75cdc30f2d9282d1ce3b3bb уже существует в базе данных. [] []
[2025-02-03T20:48:50.122114+00:00] document_processor.INFO: Документ успешно сохранён: ./Tests/fixtures/Vsyo_o_krolikakh.fb2 [] []
[2025-02-03T20:48:50.230694+00:00] document_processor.INFO: Документ успешно сохранён: ./Tests/fixtures/test.fb2 [] []
[2025-02-03T20:48:50.377897+00:00] document_processor.INFO: Документ успешно сохранён: ./Tests/fixtures/G_Anderson_Kaktusy_v_nashem_dome.pdf [] []
[2025-02-03T20:48:50.585646+00:00] document_processor.INFO: Документ успешно сохранён: ./Tests/fixtures/test.pdf [] []
[2025-02-03T20:48:54.855886+00:00] document_processor.INFO: Документ успешно сохранён: ./Tests/fixtures/G_Gryoner_Kaktusy.djvu [] []
[2025-02-03T21:07:38.539066+00:00] document_processor.INFO: Документ с хешем f6d8b3859730e1d0a4590848b9a6d99401102e766fd7327ecd682f9a72387115 уже существует в базе данных. [] []
[2025-02-03T21:07:38.540046+00:00] document_processor.INFO: Документ с хешем 53f4a16d0b3331a40d76811f3af20d4dbe4819b2f623da359a9c67b5e68e1014 уже существует в базе данных. [] []
[2025-02-03T21:07:38.543372+00:00] document_processor.INFO: Документ с хешем 6b9b1056e46fa753abd1c2f4b69f3150e1e72fe99b12587fad48383df3435d9b уже существует в базе данных. [] []
[2025-02-03T21:07:38.544044+00:00] document_processor.INFO: Документ с хешем f6edcd8a1b4f7cb85486d0c6777f9174eadbc4d1d0d9e5aeba7132f30b34bc3e уже существует в базе данных. [] []
[2025-02-03T21:07:38.588106+00:00] document_processor.INFO: Документ с хешем 67da4a99f1d75c882be3ea0893e3d12834d42325a75cdc30f2d9282d1ce3b3bb уже существует в базе данных. [] []
[2025-02-03T21:08:01.490147+00:00] document_processor.INFO: Документ успешно сохранён: ./Tests/fixtures/Vsyo_o_krolikakh.fb2 [] []
[2025-02-03T21:08:02.016777+00:00] document_processor.INFO: Документ успешно сохранён: ./Tests/fixtures/test.fb2 [] []
[2025-02-03T21:08:02.268531+00:00] document_processor.INFO: Документ успешно сохранён: ./Tests/fixtures/G_Anderson_Kaktusy_v_nashem_dome.pdf [] []
[2025-02-03T21:08:02.410656+00:00] document_processor.INFO: Документ успешно сохранён: ./Tests/fixtures/test.pdf [] []
[2025-02-03T21:08:02.894956+00:00] document_processor.INFO: Документ успешно сохранён: ./Tests/fixtures/G_Gryoner_Kaktusy.djvu [] []
