[2025-02-01T17:26:11.593729+00:00] document_processor.ERROR: Не удалось подключиться к базе данных после всех попыток. [] []
[2025-02-01T17:33:38.420407+00:00] document_processor.ERROR: Не удалось подключиться к базе данных после всех попыток. [] []
[2025-02-01T17:38:14.799310+00:00] document_processor.ERROR: Не удалось подключиться к базе данных после всех попыток. [] []
[2025-02-01T17:47:35.040848+00:00] document_processor.ERROR: Не удалось подключиться к базе данных после всех попыток. [] []
[2025-02-01T17:49:53.264126+00:00] document_processor.ERROR: Не удалось подключиться к базе данных после всех попыток. [] []
[2025-02-01T17:50:40.036177+00:00] document_processor.ERROR: Не удалось подключиться к базе данных после всех попыток. [] []
[2025-02-01T17:51:08.446873+00:00] document_processor.ERROR: Не удалось подключиться к базе данных после всех попыток. [] []
[2025-02-01T17:52:06.233363+00:00] document_processor.ERROR: Не удалось подключиться к базе данных после всех попыток. [] []
[2025-02-01T17:57:15.134902+00:00] document_processor.INFO: Подключение к базе данных успешно установлено. [] []
[2025-02-01T18:02:42.506236+00:00] document_processor.INFO: Подключение к базе данных успешно установлено. [] []
[2025-02-01T18:07:59.418570+00:00] document_processor.INFO: Подключение к базе данных успешно установлено. [] []
[2025-02-01T18:14:02.740411+00:00] document_processor.INFO: Подключение к базе данных успешно установлено. [] []
[2025-02-02T10:02:54.360690+00:00] document_processor.INFO: Подключение к базе данных успешно установлено. [] []
[2025-02-02T10:06:42.586807+00:00] document_processor.INFO: Подключение к базе данных успешно установлено. [] []
[2025-02-02T10:32:49.969851+00:00] document_processor.INFO: Подключение к базе данных успешно установлено. [] []
[2025-02-02T10:41:54.572184+00:00] document_processor.INFO: Подключение к базе данных успешно установлено. [] []
[2025-02-02T10:53:13.241935+00:00] document_processor.INFO: Подключение к базе данных успешно установлено. [] []
[2025-02-02T10:55:25.351176+00:00] document_processor.INFO: Подключение к базе данных успешно установлено. [] []
[2025-02-02T10:56:24.866950+00:00] document_processor.INFO: Подключение к базе данных успешно установлено. [] []
[2025-02-02T11:11:13.012296+00:00] document_processor.INFO: Подключение к базе данных успешно установлено. [] []
[2025-02-02T11:12:49.466828+00:00] document_processor.INFO: Подключение к базе данных успешно установлено. [] []
[2025-02-02T13:20:26.334067+00:00] document_processor.INFO: Подключение к базе данных успешно установлено. [] []
[2025-02-02T13:21:27.928317+00:00] document_processor.INFO: Подключение к базе данных успешно установлено. [] []
[2025-02-02T13:22:48.831849+00:00] document_processor.INFO: Подключение к базе данных успешно установлено. [] []
[2025-02-02T13:23:54.439215+00:00] document_processor.INFO: Подключение к базе данных успешно установлено. [] []
[2025-02-02T13:29:43.604546+00:00] document_processor.INFO: Подключение к базе данных успешно установлено. [] []
[2025-02-02T13:30:37.963653+00:00] document_processor.INFO: Подключение к базе данных успешно установлено. [] []
[2025-02-02T13:31:12.029496+00:00] document_processor.INFO: Подключение к базе данных успешно установлено. [] []
[2025-02-02T13:31:35.824593+00:00] document_processor.INFO: Подключение к базе данных успешно установлено. [] []
[2025-02-02T13:31:54.099680+00:00] document_processor.INFO: Подключение к базе данных успешно установлено. [] []
[2025-02-02T13:32:38.028422+00:00] document_processor.INFO: Подключение к базе данных успешно установлено. [] []
[2025-02-02T13:32:54.658633+00:00] document_processor.INFO: Подключение к базе данных успешно установлено. [] []
[2025-02-02T13:47:29.260805+00:00] document_processor.INFO: Подключение к базе данных успешно установлено. [] []
[2025-02-03T17:59:43.049118+00:00] document_processor.INFO: Подключение к базе данных успешно установлено. [] []
[2025-02-03T18:01:39.188976+00:00] document_processor.INFO: Подключение к базе данных успешно установлено. [] []
[2025-02-03T19:40:06.609894+00:00] document_processor.INFO: Подключение к базе данных успешно установлено. [] []
[2025-02-03T19:43:06.362999+00:00] document_processor.INFO: Подключение к базе данных успешно установлено. [] []
[2025-02-03T19:47:37.414067+00:00] document_processor.INFO: Подключение к базе данных успешно установлено. [] []
[2025-02-03T19:48:08.538012+00:00] document_processor.INFO: Подключение к базе данных успешно установлено. [] []
[2025-02-03T19:48:08.545791+00:00] document_processor.INFO: Все необходимые PHP-модули загружены. [] []
[2025-02-03T19:48:08.545889+00:00] document_processor.INFO: Начало обработки документов... [] []
[2025-02-03T19:49:44.380428+00:00] document_processor.INFO: Подключение к базе данных успешно установлено. [] []
[2025-02-03T19:49:44.387187+00:00] document_processor.INFO: Все необходимые PHP-модули загружены. [] []
[2025-02-03T19:49:44.387273+00:00] document_processor.INFO: Начало обработки документов... [] []
[2025-02-03T19:50:15.047166+00:00] document_processor.INFO: Подключение к базе данных успешно установлено. [] []
[2025-02-03T19:50:15.054274+00:00] document_processor.INFO: Все необходимые PHP-модули загружены. [] []
[2025-02-03T19:50:15.054378+00:00] document_processor.INFO: Начало обработки документов... [] []
[2025-02-03T19:50:17.296156+00:00] document_processor.INFO: Обработка документов завершена. [] []
[2025-02-03T19:50:29.688849+00:00] document_processor.INFO: Подключение к базе данных успешно установлено. [] []
[2025-02-03T19:50:29.697391+00:00] document_processor.INFO: Все необходимые PHP-модули загружены. [] []
[2025-02-03T19:50:29.697504+00:00] document_processor.INFO: Начало обработки документов... [] []
[2025-02-03T19:50:29.804399+00:00] document_processor.INFO: Обработка документов завершена. [] []
[2025-02-03T19:51:31.247264+00:00] document_processor.INFO: Подключение к базе данных успешно установлено. [] []
[2025-02-03T19:51:31.254004+00:00] document_processor.INFO: Все необходимые PHP-модули загружены. [] []
[2025-02-03T19:51:31.254090+00:00] document_processor.INFO: Начало обработки документов... [] []
[2025-02-03T19:51:36.267371+00:00] document_processor.INFO: Обработка документов завершена. [] []
[2025-02-03T19:52:11.156243+00:00] document_processor.INFO: Подключение к базе данных успешно установлено. [] []
[2025-02-03T19:52:11.163824+00:00] document_processor.INFO: Все необходимые PHP-модули загружены. [] []
[2025-02-03T19:52:11.163915+00:00] document_processor.INFO: Начало обработки документов... [] []
[2025-02-03T19:52:11.270267+00:00] document_processor.INFO: Обработка документов завершена. [] []
[2025-02-03T19:53:43.728049+00:00] document_processor.INFO: Подключение к базе данных успешно установлено. [] []
[2025-02-03T19:53:43.736770+00:00] document_processor.INFO: Все необходимые PHP-модули загружены. [] []
[2025-02-03T19:53:43.736877+00:00] document_processor.INFO: Начало обработки документов... [] []
[2025-02-03T19:54:43.359710+00:00] document_processor.INFO: Подключение к базе данных успешно установлено. [] []
[2025-02-03T19:54:43.367781+00:00] document_processor.INFO: Все необходимые PHP-модули загружены. [] []
[2025-02-03T19:54:43.367876+00:00] document_processor.INFO: Начало обработки документов... [] []
[2025-02-03T19:54:43.478561+00:00] document_processor.INFO: Обработка документов завершена. [] []
[2025-02-03T20:09:51.057535+00:00] document_processor.INFO: Подключение к базе данных успешно установлено. [] []
[2025-02-03T20:09:51.066027+00:00] document_processor.INFO: Все необходимые PHP-модули загружены. [] []
[2025-02-03T20:09:51.066119+00:00] document_processor.INFO: Начало обработки документов... [] []
[2025-02-03T20:10:38.596151+00:00] document_processor.INFO: Подключение к базе данных успешно установлено. [] []
[2025-02-03T20:10:38.602829+00:00] document_processor.INFO: Все необходимые PHP-модули загружены. [] []
[2025-02-03T20:10:38.602914+00:00] document_processor.INFO: Начало обработки документов... [] []
[2025-02-03T20:14:57.401171+00:00] document_processor.INFO: Подключение к базе данных успешно установлено. [] []
[2025-02-03T20:14:57.413826+00:00] document_processor.INFO: Все необходимые PHP-модули загружены. [] []
[2025-02-03T20:14:57.413965+00:00] document_processor.INFO: Начало обработки документов... [] []
[2025-02-03T20:19:27.163788+00:00] document_processor.INFO: Подключение к базе данных успешно установлено. [] []
[2025-02-03T20:19:27.171995+00:00] document_processor.INFO: Все необходимые PHP-модули загружены. [] []
[2025-02-03T20:19:27.172103+00:00] document_processor.INFO: Начало обработки документов... [] []
[2025-02-03T20:20:25.534353+00:00] document_processor.INFO: Подключение к базе данных успешно установлено. [] []
[2025-02-03T20:20:25.543033+00:00] document_processor.INFO: Все необходимые PHP-модули загружены. [] []
[2025-02-03T20:20:25.543145+00:00] document_processor.INFO: Начало обработки документов... [] []
[2025-02-03T20:20:25.591430+00:00] document_processor.ERROR: Не удалось создать миниатюру для файла: ./Tests/fixtures/Vsyo_o_krolikakh.fb2 [] []
[2025-02-03T20:20:25.685549+00:00] document_processor.ERROR: Не удалось создать миниатюру для файла: ./Tests/fixtures/test.fb2 [] []
[2025-02-03T20:20:26.700482+00:00] document_processor.INFO: Миниатюра успешно создана: thumbnails/6b9b1056e46fa753abd1c2f4b69f3150e1e72fe99b12587fad48383df3435d9b.png [] []
[2025-02-03T20:20:27.694649+00:00] document_processor.INFO: Миниатюра успешно создана: thumbnails/f6edcd8a1b4f7cb85486d0c6777f9174eadbc4d1d0d9e5aeba7132f30b34bc3e.png [] []
[2025-02-03T20:20:27.950271+00:00] document_processor.ERROR: Не удалось создать миниатюру для файла: ./Tests/fixtures/G_Gryoner_Kaktusy.djvu [] []
[2025-02-03T20:20:28.096785+00:00] document_processor.INFO: Обработка документов завершена. [] []
[2025-02-03T20:37:58.277334+00:00] document_processor.INFO: Подключение к базе данных успешно установлено. [] []
[2025-02-03T20:37:58.329927+00:00] document_processor.INFO: Все необходимые PHP-модули загружены. [] []
[2025-02-03T20:37:58.377976+00:00] document_processor.INFO: Начало обработки документов... [] []
[2025-02-03T20:37:58.684438+00:00] document_processor.ERROR: Не удалось создать миниатюру первой страницы для файла: ./Tests/fixtures/Vsyo_o_krolikakh.fb2 [] []
[2025-02-03T20:37:58.894854+00:00] document_processor.ERROR: Не удалось создать миниатюру первой страницы для файла: ./Tests/fixtures/test.fb2 [] []
[2025-02-03T20:37:59.427836+00:00] document_processor.INFO: Миниатюра для файла ./Tests/fixtures/G_Anderson_Kaktusy_v_nashem_dome.pdf уже существует: thumbnails/6b9b1056e46fa753abd1c2f4b69f3150e1e72fe99b12587fad48383df3435d9b.png [] []
[2025-02-03T20:38:00.122076+00:00] document_processor.INFO: Миниатюра для файла ./Tests/fixtures/test.pdf уже существует: thumbnails/f6edcd8a1b4f7cb85486d0c6777f9174eadbc4d1d0d9e5aeba7132f30b34bc3e.png [] []
[2025-02-03T20:38:00.380124+00:00] document_processor.ERROR: Не удалось создать миниатюру первой страницы для файла: ./Tests/fixtures/G_Gryoner_Kaktusy.djvu [] []
[2025-02-03T20:38:00.781837+00:00] document_processor.INFO: Обработка документов завершена. [] []
[2025-02-03T20:48:29.738187+00:00] document_processor.INFO: Подключение к базе данных успешно установлено. [] []
[2025-02-03T20:48:29.745811+00:00] document_processor.INFO: Все необходимые PHP-модули загружены. [] []
[2025-02-03T20:48:29.745901+00:00] document_processor.INFO: Начало обработки документов... [] []
[2025-02-03T20:48:29.856209+00:00] document_processor.INFO: Обработка документов завершена. [] []
[2025-02-03T20:48:49.947319+00:00] document_processor.INFO: Подключение к базе данных успешно установлено. [] []
[2025-02-03T20:48:49.956307+00:00] document_processor.INFO: Все необходимые PHP-модули загружены. [] []
[2025-02-03T20:48:49.956431+00:00] document_processor.INFO: Начало обработки документов... [] []
[2025-02-03T20:48:49.999884+00:00] document_processor.ERROR: Не удалось создать миниатюру первой страницы для файла: ./Tests/fixtures/Vsyo_o_krolikakh.fb2 [] []
[2025-02-03T20:48:50.123204+00:00] document_processor.ERROR: Не удалось создать миниатюру первой страницы для файла: ./Tests/fixtures/test.fb2 [] []
[2025-02-03T20:48:50.259844+00:00] document_processor.INFO: Миниатюра для файла ./Tests/fixtures/G_Anderson_Kaktusy_v_nashem_dome.pdf уже существует: thumbnails/6b9b1056e46fa753abd1c2f4b69f3150e1e72fe99b12587fad48383df3435d9b.png [] []
[2025-02-03T20:48:50.396789+00:00] document_processor.INFO: Миниатюра для файла ./Tests/fixtures/test.pdf уже существует: thumbnails/f6edcd8a1b4f7cb85486d0c6777f9174eadbc4d1d0d9e5aeba7132f30b34bc3e.png [] []
[2025-02-03T20:48:54.770345+00:00] document_processor.INFO: Миниатюра первой страницы успешно создана: thumbnails/67da4a99f1d75c882be3ea0893e3d12834d42325a75cdc30f2d9282d1ce3b3bb.png [] []
[2025-02-03T20:48:54.911202+00:00] document_processor.INFO: Обработка документов завершена. [] []
[2025-02-03T21:07:38.498651+00:00] document_processor.INFO: Подключение к базе данных успешно установлено. [] []
[2025-02-03T21:07:38.507110+00:00] document_processor.INFO: Все необходимые PHP-модули загружены. [] []
[2025-02-03T21:07:38.507204+00:00] document_processor.INFO: Начало обработки документов... [] []
[2025-02-03T21:07:38.620034+00:00] document_processor.INFO: Обработка документов завершена. [] []
[2025-02-03T21:08:00.615033+00:00] document_processor.INFO: Подключение к базе данных успешно установлено. [] []
[2025-02-03T21:08:00.625026+00:00] document_processor.INFO: Все необходимые PHP-модули загружены. [] []
[2025-02-03T21:08:00.625142+00:00] document_processor.INFO: Начало обработки документов... [] []
[2025-02-03T21:08:00.768644+00:00] document_processor.INFO: Обложка не найдена в FB2-файле: ./Tests/fixtures/Vsyo_o_krolikakh.fb2 [] []
[2025-02-03T21:08:00.769383+00:00] document_processor.ERROR: Не удалось создать миниатюру для файла: ./Tests/fixtures/Vsyo_o_krolikakh.fb2 [] []
[2025-02-03T21:08:01.491553+00:00] document_processor.INFO: Обложка не найдена в FB2-файле: ./Tests/fixtures/test.fb2 [] []
[2025-02-03T21:08:01.491608+00:00] document_processor.ERROR: Не удалось создать миниатюру для файла: ./Tests/fixtures/test.fb2 [] []
[2025-02-03T21:08:02.044918+00:00] document_processor.INFO: Миниатюра для файла ./Tests/fixtures/G_Anderson_Kaktusy_v_nashem_dome.pdf уже существует: thumbnails/6b9b1056e46fa753abd1c2f4b69f3150e1e72fe99b12587fad48383df3435d9b.png [] []
[2025-02-03T21:08:02.283773+00:00] document_processor.INFO: Миниатюра для файла ./Tests/fixtures/test.pdf уже существует: thumbnails/f6edcd8a1b4f7cb85486d0c6777f9174eadbc4d1d0d9e5aeba7132f30b34bc3e.png [] []
[2025-02-03T21:08:02.584493+00:00] document_processor.INFO: Миниатюра для файла ./Tests/fixtures/G_Gryoner_Kaktusy.djvu уже существует: thumbnails/67da4a99f1d75c882be3ea0893e3d12834d42325a75cdc30f2d9282d1ce3b3bb.png [] []
[2025-02-03T21:08:02.926742+00:00] document_processor.INFO: Обработка документов завершена. [] []
